posenet/app/build/intermediates/manifest_merge_blame_file/debug/manifest-merger-blame-debug-report.txt
1<?xml version="1.0" encoding="utf-8"?>
2<manifest xmlns:android="http://schemas.android.com/apk/res/android"
3    package="org.tensorflow.lite.examples.posenet"
4    android:versionCode="1"
5    android:versionName="1.0" >
6
7    <uses-sdk
7-->src\main\AndroidManifest.xml:5:5-17
8        android:minSdkVersion="21"
8-->src\main\AndroidManifest.xml:5:5-17
9        android:targetSdkVersion="23" />
9-->src\main\AndroidManifest.xml:5:5-17
10
11    <uses-permission android:name="android.permission.CAMERA" />
11-->src\main\AndroidManifest.xml:7:5-65
11-->src\main\AndroidManifest.xml:7:22-62
12    <uses-permission android:name="android.permission.ACTIVITY_RECOGNITION" />
12-->src\main\AndroidManifest.xml:8:5-79
12-->src\main\AndroidManifest.xml:8:22-76
13
14    <uses-feature android:name="android.hardware.camera" />
14-->src\main\AndroidManifest.xml:10:5-60
14-->src\main\AndroidManifest.xml:10:19-57
15    <uses-feature android:name="android.hardware.camera.autofocus" />
15-->src\main\AndroidManifest.xml:11:5-70
15-->src\main\AndroidManifest.xml:11:19-67
16
17    <application
17-->src\main\AndroidManifest.xml:13:5-61:19
18        android:allowBackup="true"
18-->src\main\AndroidManifest.xml:14:9-35
19        android:appComponentFactory="androidx.core.app.CoreComponentFactory"
19-->[androidx.core:core:1.5.0] AndroidManifest.xml:24:18-86
20        android:debuggable="true"
21        android:icon="@mipmap/ic_launcher"
21-->src\main\AndroidManifest.xml:15:9-43
22        android:label="Employee Fit"
22-->src\main\AndroidManifest.xml:16:9-37
23        android:roundIcon="@mipmap/ic_launcher_round"
23-->src\main\AndroidManifest.xml:17:9-54
24        android:supportsRtl="true"
24-->src\main\AndroidManifest.xml:18:9-35
25        android:testOnly="true"
26        android:theme="@style/AppTheme.Posenet" >
26-->src\main\AndroidManifest.xml:19:9-48
27        <activity
27-->src\main\AndroidManifest.xml:20:9-23:40
28            android:name="org.tensorflow.lite.examples.posenet.mainFeatures.WaterIcon"
28-->src\main\AndroidManifest.xml:21:13-51
29            android:exported="false"
29-->src\main\AndroidManifest.xml:23:13-37
30            android:label="Drink Water" />
30-->src\main\AndroidManifest.xml:22:13-40
31        <activity
31-->src\main\AndroidManifest.xml:24:9-27:40
32            android:name="org.tensorflow.lite.examples.posenet.mainFeatures.Yoga"
32-->src\main\AndroidManifest.xml:25:13-46
33            android:exported="false"
33-->src\main\AndroidManifest.xml:27:13-37
34            android:label="Yoga" />
34-->src\main\AndroidManifest.xml:26:13-33
35        <activity
35-->src\main\AndroidManifest.xml:28:9-31:40
36            android:name="org.tensorflow.lite.examples.posenet.mainFeatures.Fruits"
36-->src\main\AndroidManifest.xml:29:13-48
37            android:exported="false"
37-->src\main\AndroidManifest.xml:31:13-37
38            android:label="Eat Healthy" />
38-->src\main\AndroidManifest.xml:30:13-40
39        <activity
39-->src\main\AndroidManifest.xml:32:9-35:40
40            android:name="org.tensorflow.lite.examples.posenet.mainFeatures.TakeBreak"
40-->src\main\AndroidManifest.xml:33:13-51
41            android:exported="false"
41-->src\main\AndroidManifest.xml:35:13-37
42            android:label="Take A Break" />
42-->src\main\AndroidManifest.xml:34:13-41
43        <activity
43-->src\main\AndroidManifest.xml:36:9-39:40
44            android:name="org.tensorflow.lite.examples.posenet.mainFeatures.Jogging"
44-->src\main\AndroidManifest.xml:37:13-49
45            android:exported="false"
45-->src\main\AndroidManifest.xml:39:13-37
46            android:label="Jogging" />
46-->src\main\AndroidManifest.xml:38:13-36
47        <activity
47-->src\main\AndroidManifest.xml:40:9-43:40
48            android:name="org.tensorflow.lite.examples.posenet.Leaderboard"
48-->src\main\AndroidManifest.xml:41:13-40
49            android:exported="false"
49-->src\main\AndroidManifest.xml:43:13-37
50            android:label="Leaderboard" />
50-->src\main\AndroidManifest.xml:42:13-40
51        <activity
51-->src\main\AndroidManifest.xml:44:9-47:40
52            android:name="org.tensorflow.lite.examples.posenet.CameraActivity"
52-->src\main\AndroidManifest.xml:45:13-43
53            android:exported="false"
53-->src\main\AndroidManifest.xml:47:13-37
54            android:label="Exercise" />
54-->src\main\AndroidManifest.xml:46:13-37
55        <activity
55-->src\main\AndroidManifest.xml:48:9-51:55
56            android:name="org.tensorflow.lite.examples.posenet.TestActivity"
56-->src\main\AndroidManifest.xml:49:13-41
57            android:exported="true"
57-->src\main\AndroidManifest.xml:50:13-36
58            android:label="@string/tfe_pn_app_name" />
58-->src\main\AndroidManifest.xml:51:13-52
59        <activity
59-->src\main\AndroidManifest.xml:52:9-60:20
60            android:name="org.tensorflow.lite.examples.posenet.MainActivity"
60-->src\main\AndroidManifest.xml:53:13-41
61            android:exported="true" >
61-->src\main\AndroidManifest.xml:54:13-36
62            <intent-filter>
62-->src\main\AndroidManifest.xml:55:13-59:29
63                <action android:name="android.intent.action.MAIN" />
63-->src\main\AndroidManifest.xml:56:17-69
63-->src\main\AndroidManifest.xml:56:25-66
64
65                <category android:name="android.intent.category.LAUNCHER" />
65-->src\main\AndroidManifest.xml:58:17-77
65-->src\main\AndroidManifest.xml:58:27-74
66            </intent-filter>
67        </activity>
68    </application>
69
70</manifest>